<?xml version="1.0" encoding="UTF-8"?>
<!-- Generated by org.testng.reporters.JUnitReportReporter -->
<testsuite hostname="DESKTOP-UDTVPM0" failures="0" tests="1" name="pageObjects.Camu_Login" time="1.517" errors="0" timestamp="2025-07-03T14:50:55 IST" skipped="0">
  <testcase classname="pageObjects.Camu_Login" name="login" time="1.517"/>
</testsuite> <!-- pageObjects.Camu_Login -->
