<?xml version="1.0" encoding="UTF-8"?>
<!-- Generated by org.testng.reporters.JUnitReportReporter -->
<testsuite hostname="DESKTOP-UDTVPM0" failures="0" tests="1" name="testCases.Login_TestCases" time="3.957" errors="0" timestamp="2025-07-05T16:02:46 IST" skipped="0">
  <testcase classname="testCases.Login_TestCases" name="login" time="3.957"/>
</testsuite> <!-- testCases.Login_TestCases -->
