<?xml version="1.0" encoding="UTF-8"?>
<!-- Generated by org.testng.reporters.JUnitReportReporter -->
<testsuite hostname="DESKTOP-UDTVPM0" failures="0" tests="1" name="testCases.leave_TestCases" time="10.406" errors="0" timestamp="2025-07-05T16:02:46 IST" skipped="0">
  <testcase classname="testCases.leave_TestCases" name="leave" time="10.406"/>
</testsuite> <!-- testCases.leave_TestCases -->
