<?xml version="1.0" encoding="UTF-8"?>
<!-- Generated by org.testng.reporters.JUnitReportReporter -->
<testsuite hostname="DESKTOP-UDTVPM0" failures="0" tests="1" name="testCases.attendance_TestCases" time="4.363" errors="0" timestamp="2025-07-03T19:40:57 IST" skipped="0">
  <testcase classname="testCases.attendance_TestCases" name="attendance" time="4.363"/>
</testsuite> <!-- testCases.attendance_TestCases -->
