<?xml version="1.0" encoding="UTF-8"?>
<!-- Generated by org.testng.reporters.JUnitReportReporter -->
<testsuite hostname="DESKTOP-UDTVPM0" failures="0" tests="4" name="testCases.attendance_TestCases" time="17.556" errors="0" timestamp="2025-07-05T16:02:46 IST" skipped="0">
  <testcase classname="testCases.attendance_TestCases" name="attendance" time="4.388"/>
  <testcase classname="testCases.attendance_TestCases" name="attendance" time="4.397"/>
  <testcase classname="testCases.attendance_TestCases" name="attendance" time="4.391"/>
  <testcase classname="testCases.attendance_TestCases" name="attendance" time="4.380"/>
</testsuite> <!-- testCases.attendance_TestCases -->
