<?xml version="1.0" encoding="UTF-8"?>
<!-- Generated by org.testng.reporters.JUnitReportReporter -->
<testsuite hostname="DESKTOP-UDTVPM0" failures="0" tests="1" name="testCases.billing_TestCases" time="5.592" errors="0" timestamp="2025-07-05T16:02:46 IST" skipped="0">
  <testcase classname="testCases.billing_TestCases" name="billing" time="5.592"/>
</testsuite> <!-- testCases.billing_TestCases -->
